[1018/130400.260:ERROR:directory_reader_win.cc(43)] FindFirstFile: The system cannot find the path specified. (0x3)
[1018/131909.299:ERROR:directory_reader_win.cc(43)] FindFirstFile: The system cannot find the path specified. (0x3)
[1018/133008.966:ERROR:directory_reader_win.cc(43)] FindFirstFile: The system cannot find the path specified. (0x3)
[1018/133633.292:ERROR:process_reader_win.cc(123)] NtOpenThread: {Access Denied} A process has requested access to an object, but has not been granted those access rights. (0xc0000022)
[1018/133633.323:ERROR:exception_snapshot_win.cc(99)] thread ID 384 not found in process
[1018/133633.526:ERROR:process_reader_win.cc(123)] NtOpenThread: {Access Denied} A process has requested access to an object, but has not been granted those access rights. (0xc0000022)
[1018/133633.526:ERROR:exception_snapshot_win.cc(99)] thread ID 1220 not found in process
[1018/133633.792:ERROR:process_reader_win.cc(123)] NtOpenThread: {Access Denied} A process has requested access to an object, but has not been granted those access rights. (0xc0000022)
[1018/133633.792:ERROR:process_reader_win.cc(123)] NtOpenThread: {Access Denied} A process has requested access to an object, but has not been granted those access rights. (0xc0000022)
[1018/133633.792:ERROR:exception_snapshot_win.cc(99)] thread ID 1780 not found in process
[1018/133633.792:ERROR:exception_snapshot_win.cc(99)] thread ID 13560 not found in process
[1018/134659.114:ERROR:directory_reader_win.cc(43)] FindFirstFile: The system cannot find the path specified. (0x3)
[1018/135725.472:ERROR:directory_reader_win.cc(43)] FindFirstFile: The system cannot find the path specified. (0x3)
[1018/135840.229:ERROR:process_memory_win.cc(73)] ReadMemory at 0x7ff833316e00 of 12 bytes failed: Only part of a ReadProcessMemory or WriteProcessMemory request was completed. (0x12B)
[1018/135840.229:WARNING:process_snapshot_win.cc(71)] ReadMemory ExceptionInformation failed
[1018/135840.229:ERROR:scoped_process_suspend.cc(40)] NtResumeProcess: An attempt was made to access an exiting process. (0xc000010a)
[1018/135841.838:ERROR:process_reader_win.cc(123)] NtOpenThread: {Access Denied} A process has requested access to an object, but has not been granted those access rights. (0xc0000022)
[1018/135841.838:ERROR:exception_snapshot_win.cc(99)] thread ID 12048 not found in process
[1018/140949.760:ERROR:process_reader_win.cc(123)] NtOpenThread: {Access Denied} A process has requested access to an object, but has not been granted those access rights. (0xc0000022)
[1018/140949.777:ERROR:process_reader_win.cc(123)] NtOpenThread: {Access Denied} A process has requested access to an object, but has not been granted those access rights. (0xc0000022)
[1018/140949.774:ERROR:process_reader_win.cc(123)] NtOpenThread: {Access Denied} A process has requested access to an object, but has not been granted those access rights. (0xc0000022)
[1018/140949.824:ERROR:exception_snapshot_win.cc(99)] thread ID 5408 not found in process
[1018/140949.824:ERROR:exception_snapshot_win.cc(99)] thread ID 15916 not found in process
[1018/140949.824:ERROR:exception_snapshot_win.cc(99)] thread ID 14076 not found in process
[1018/141254.914:ERROR:process_reader_win.cc(123)] NtOpenThread: {Access Denied} A process has requested access to an object, but has not been granted those access rights. (0xc0000022)
[1018/141254.914:ERROR:exception_snapshot_win.cc(99)] thread ID 1184 not found in process
[1018/141254.976:ERROR:process_reader_win.cc(123)] NtOpenThread: {Access Denied} A process has requested access to an object, but has not been granted those access rights. (0xc0000022)
[1018/141254.976:ERROR:exception_snapshot_win.cc(99)] thread ID 15768 not found in process
